Warning[205] Z:\MEDIA\DANTON\1CEE882EEE87FDF0\USERS\DANTON\DOCUMENTS\AOC-II\TRABALHO INTEGRADO\TRABALHO_INTEGRADO.ASM 3 : Found directive in column 1. (LIST)
Message[302] Z:\MEDIA\DANTON\1CEE882EEE87FDF0\USERS\DANTON\DOCUMENTS\AOC-II\TRABALHO INTEGRADO\TRABALHO_INTEGRADO.ASM 27 : Register in operand not in bank 0.  Ensure that bank bits are correct.
Message[302] Z:\MEDIA\DANTON\1CEE882EEE87FDF0\USERS\DANTON\DOCUMENTS\AOC-II\TRABALHO INTEGRADO\TRABALHO_INTEGRADO.ASM 30 : Register in operand not in bank 0.  Ensure that bank bits are correct.
Warning[203] Z:\MEDIA\DANTON\1CEE882EEE87FDF0\USERS\DANTON\DOCUMENTS\AOC-II\TRABALHO INTEGRADO\TRABALHO_INTEGRADO.ASM 55 : Found opcode in column 1. (RETURN)
Warning[203] Z:\MEDIA\DANTON\1CEE882EEE87FDF0\USERS\DANTON\DOCUMENTS\AOC-II\TRABALHO INTEGRADO\TRABALHO_INTEGRADO.ASM 74 : Found opcode in column 1. (RETURN)
Message[305] Z:\MEDIA\DANTON\1CEE882EEE87FDF0\USERS\DANTON\DOCUMENTS\AOC-II\TRABALHO INTEGRADO\TRABALHO_INTEGRADO.ASM 80 : Using default destination of 1 (file).
Warning[203] Z:\MEDIA\DANTON\1CEE882EEE87FDF0\USERS\DANTON\DOCUMENTS\AOC-II\TRABALHO INTEGRADO\TRABALHO_INTEGRADO.ASM 82 : Found opcode in column 1. (RETURN)
Message[305] Z:\MEDIA\DANTON\1CEE882EEE87FDF0\USERS\DANTON\DOCUMENTS\AOC-II\TRABALHO INTEGRADO\TRABALHO_INTEGRADO.ASM 88 : Using default destination of 1 (file).
Warning[203] Z:\MEDIA\DANTON\1CEE882EEE87FDF0\USERS\DANTON\DOCUMENTS\AOC-II\TRABALHO INTEGRADO\TRABALHO_INTEGRADO.ASM 90 : Found opcode in column 1. (RETURN)
Message[305] Z:\MEDIA\DANTON\1CEE882EEE87FDF0\USERS\DANTON\DOCUMENTS\AOC-II\TRABALHO INTEGRADO\TRABALHO_INTEGRADO.ASM 96 : Using default destination of 1 (file).
Warning[203] Z:\MEDIA\DANTON\1CEE882EEE87FDF0\USERS\DANTON\DOCUMENTS\AOC-II\TRABALHO INTEGRADO\TRABALHO_INTEGRADO.ASM 98 : Found opcode in column 1. (RETURN)
Message[305] Z:\MEDIA\DANTON\1CEE882EEE87FDF0\USERS\DANTON\DOCUMENTS\AOC-II\TRABALHO INTEGRADO\TRABALHO_INTEGRADO.ASM 101 : Using default destination of 1 (file).
Warning[203] Z:\MEDIA\DANTON\1CEE882EEE87FDF0\USERS\DANTON\DOCUMENTS\AOC-II\TRABALHO INTEGRADO\TRABALHO_INTEGRADO.ASM 103 : Found opcode in column 1. (RETURN)
Warning[203] Z:\MEDIA\DANTON\1CEE882EEE87FDF0\USERS\DANTON\DOCUMENTS\AOC-II\TRABALHO INTEGRADO\TRABALHO_INTEGRADO.ASM 112 : Found opcode in column 1. (RETURN)
Warning[203] Z:\MEDIA\DANTON\1CEE882EEE87FDF0\USERS\DANTON\DOCUMENTS\AOC-II\TRABALHO INTEGRADO\TRABALHO_INTEGRADO.ASM 121 : Found opcode in column 1. (RETURN)
Warning[203] Z:\MEDIA\DANTON\1CEE882EEE87FDF0\USERS\DANTON\DOCUMENTS\AOC-II\TRABALHO INTEGRADO\TRABALHO_INTEGRADO.ASM 130 : Found opcode in column 1. (RETURN)
Warning[203] Z:\MEDIA\DANTON\1CEE882EEE87FDF0\USERS\DANTON\DOCUMENTS\AOC-II\TRABALHO INTEGRADO\TRABALHO_INTEGRADO.ASM 139 : Found opcode in column 1. (RETURN)
Warning[203] Z:\MEDIA\DANTON\1CEE882EEE87FDF0\USERS\DANTON\DOCUMENTS\AOC-II\TRABALHO INTEGRADO\TRABALHO_INTEGRADO.ASM 157 : Found opcode in column 1. (RETURN)
Message[302] Z:\MEDIA\DANTON\1CEE882EEE87FDF0\USERS\DANTON\DOCUMENTS\AOC-II\TRABALHO INTEGRADO\TRABALHO_INTEGRADO.ASM 163 : Register in operand not in bank 0.  Ensure that bank bits are correct.
Message[302] Z:\MEDIA\DANTON\1CEE882EEE87FDF0\USERS\DANTON\DOCUMENTS\AOC-II\TRABALHO INTEGRADO\TRABALHO_INTEGRADO.ASM 164 : Register in operand not in bank 0.  Ensure that bank bits are correct.
Message[302] Z:\MEDIA\DANTON\1CEE882EEE87FDF0\USERS\DANTON\DOCUMENTS\AOC-II\TRABALHO INTEGRADO\TRABALHO_INTEGRADO.ASM 165 : Register in operand not in bank 0.  Ensure that bank bits are correct.
Warning[205] Z:\MEDIA\DANTON\1CEE882EEE87FDF0\USERS\DANTON\DOCUMENTS\AOC-II\TRABALHO INTEGRADO\TRABALHO_INTEGRADO.ASM 170 : Found directive in column 1. (END)
